<?xml version="1.0" encoding="UTF-8"?>
<!-- Generated by org.testng.reporters.JUnitReportReporter -->
<testsuite hostname="Aneetha" failures="0" tests="2" name="com.testcases.LoginTestCase" time="17.152" errors="0" timestamp="22 Apr 2023 05:15:31 GMT" skipped="0">
  <testcase classname="com.testcases.LoginTestCase" name="test1" time="8.571"/>
  <testcase classname="com.testcases.LoginTestCase" name="test2" time="8.581"/>
</testsuite> <!-- com.testcases.LoginTestCase -->
