<?xml version="1.0" encoding="UTF-8"?>
<!-- Generated by org.testng.reporters.JUnitReportReporter -->
<testsuite hostname="Aneetha" failures="0" tests="3" name="com.testcases.LoginTestCase" time="26.609" errors="0" timestamp="30 Apr 2023 04:41:51 GMT" skipped="0">
  <testcase classname="com.testcases.LoginTestCase" name="test1" time="11.723"/>
  <testcase classname="com.testcases.LoginTestCase" name="test2" time="6.892"/>
  <testcase classname="com.testcases.LoginTestCase" name="test4" time="7.994"/>
</testsuite> <!-- com.testcases.LoginTestCase -->
