<?xml version="1.0" encoding="UTF-8"?>
<!-- Generated by org.testng.reporters.JUnitReportReporter -->
<testsuite hostname="Aneetha" failures="0" tests="1" name="com.testcases.HomePageTest" time="2.276" errors="0" timestamp="30 Apr 2023 06:14:44 GMT" skipped="0">
  <testcase classname="com.testcases.HomePageTest" name="test3" time="2.276"/>
</testsuite> <!-- com.testcases.HomePageTest -->
